21/06/2021 15:47:08	This log contains information about the import schema operation into project 'BancoDeDados.ProjetoDB' on computer 'LAPTOP-ROG477D9' by user 'theem'.
21/06/2021 15:47:08	Import of database schema has started.
21/06/2021 15:47:15	Gathering database credentials
21/06/2021 15:47:15	Gathering database options
21/06/2021 15:47:15	Gathering users
21/06/2021 15:47:15	Gathering roles
21/06/2021 15:47:15	Gathering application roles
21/06/2021 15:47:15	Gathering role memberships
21/06/2021 15:47:15	Gathering filegroups
21/06/2021 15:47:15	Gathering full-text catalogs
21/06/2021 15:47:15	Gathering assemblies
21/06/2021 15:47:15	Gathering certificates
21/06/2021 15:47:15	Gathering asymmetric keys
21/06/2021 15:47:15	Gathering symmetric keys
21/06/2021 15:47:15	Gathering encrypted symmetric keys
21/06/2021 15:47:15	Gathering schemas
21/06/2021 15:47:15	Gathering XML schema collections
21/06/2021 15:47:15	Gathering user-defined data types
21/06/2021 15:47:15	Gathering user-defined types
21/06/2021 15:47:15	Gathering table types
21/06/2021 15:47:15	Gathering unique keys for table types
21/06/2021 15:47:15	Gathering primary keys for table types
21/06/2021 15:47:15	Gathering indexes for table types
21/06/2021 15:47:15	Gathering check constraints for table types
21/06/2021 15:47:15	Gathering default constraints for table types
21/06/2021 15:47:15	Gathering partition functions
21/06/2021 15:47:15	Gathering partition schemes
21/06/2021 15:47:16	Gathering functions
21/06/2021 15:47:16	Gathering encrypted functions
21/06/2021 15:47:16	Gathering aggregates
21/06/2021 15:47:16	Gathering procedures
21/06/2021 15:47:16	Gathering encrypted procedures
21/06/2021 15:47:16	Gathering tables
21/06/2021 15:47:16	Gathering primary keys
21/06/2021 15:47:16	Gathering unique constraints
21/06/2021 15:47:16	Gathering foreign keys
21/06/2021 15:47:16	Gathering default constraints
21/06/2021 15:47:16	Gathering check constraints
21/06/2021 15:47:16	Gathering views
21/06/2021 15:47:16	Gathering encrypted views
21/06/2021 15:47:16	Gathering indexes
21/06/2021 15:47:16	Gathering statistics
21/06/2021 15:47:16	Gathering full-text index stoplists
21/06/2021 15:47:16	Gathering search property lists
21/06/2021 15:47:16	Gathering search properties
21/06/2021 15:47:16	Gathering full-text indexes
21/06/2021 15:47:16	Gathering column store indexes
21/06/2021 15:47:16	Gathering spatial indexes
21/06/2021 15:47:16	Gathering XML indexes
21/06/2021 15:47:16	Gathering Selective XML indexes
21/06/2021 15:47:16	Gathering encrypted triggers
21/06/2021 15:47:16	Gathering triggers
21/06/2021 15:47:16	Gathering encrypted and clr ddl triggers
21/06/2021 15:47:16	Gathering ddl triggers
21/06/2021 15:47:16	Gathering synonyms
21/06/2021 15:47:16	Gathering defaults
21/06/2021 15:47:16	Gathering data constraint uddt bindings
21/06/2021 15:47:16	Gathering rules
21/06/2021 15:47:16	Gathering data constraint uddt bindings
21/06/2021 15:47:16	Gathering message types
21/06/2021 15:47:16	Gathering queues
21/06/2021 15:47:16	Gathering contracts
21/06/2021 15:47:16	Gathering services
21/06/2021 15:47:16	Gathering event notifications
21/06/2021 15:47:16	Gathering remote service bindings
21/06/2021 15:47:16	Gathering broker priorities
21/06/2021 15:47:16	Gathering signatures
21/06/2021 15:47:16	Gathering data compression options
21/06/2021 15:47:16	Gathering sequence types
21/06/2021 15:47:16	Gathering security policies
21/06/2021 15:47:16	Gather column encryption keys
21/06/2021 15:47:16	Gathering column master keys
21/06/2021 15:47:16	Gathering external data sources
21/06/2021 15:47:16	Gathering external file formats
21/06/2021 15:47:16	Gathering external tables
21/06/2021 15:47:16	Gathering extended properties
21/06/2021 15:47:16	Gathering credentials
21/06/2021 15:47:16	Gathering logins
21/06/2021 15:47:16	Gathering server audits
21/06/2021 15:47:16	Scanning project for duplicate elements
21/06/2021 15:47:16	Finished duplicate element processing
21/06/2021 15:47:16	Finished importing database.
21/06/2021 15:47:16	A summary of the import was saved to the following location: C:\Users\theem\source\repos\TarefasDNF\BancoDeDados.ProjetoDB\Import Schema Logs\BancoDeDados.Projeto_20210621064708.log
21/06/2021 15:47:16	Click Finish to continue...
